# JRE version: OpenJDK Runtime Environment AdoptOpenJDK (11.0.10+9) (build 11.0.10+9)
# Java VM: OpenJDK 64-Bit Server VM AdoptOpenJDK (11.0.10+9, mixed mode, tiered, compressed oops, g1 gc, windows-amd64)
Heap:
 garbage-first heap   total 364544K, used 104444K [0x000000070a000000, 0x0000000800000000)
  region size 1024K, 49 young (50176K), 13 survivors (13312K)
 Metaspace       used 83392K, capacity 86255K, committed 86400K, reserved 1124352K
  class space    used 10662K, capacity 11804K, committed 11904K, reserved 1048576K
GC Heap History (20 events):
Event: 4.946 GC heap before
{Heap before GC invocations=8 (full 0):
 garbage-first heap   total 251904K, used 160404K [0x000000070a000000, 0x0000000800000000)
  region size 1024K, 146 young (149504K), 11 survivors (11264K)
 Metaspace       used 48844K, capacity 50316K, committed 50432K, reserved 1093632K
  class space    used 6254K, capacity 6842K, committed 6912K, reserved 1048576K
}
Event: 4.957 GC heap after
{Heap after GC invocations=9 (full 0):
 garbage-first heap   total 303104K, used 29308K [0x000000070a000000, 0x0000000800000000)
  region size 1024K, 16 young (16384K), 16 survivors (16384K)
 Metaspace       used 48844K, capacity 50316K, committed 50432K, reserved 1093632K
  class space    used 6254K, capacity 6842K, committed 6912K, reserved 1048576K
}
Event: 6.155 GC heap before
{Heap before GC invocations=9 (full 0):
 garbage-first heap   total 303104K, used 205436K [0x000000070a000000, 0x0000000800000000)
  region size 1024K, 177 young (181248K), 16 survivors (16384K)
 Metaspace       used 54961K, capacity 56702K, committed 56704K, reserved 1097728K
  class space    used 7098K, capacity 7807K, committed 7808K, reserved 1048576K
}
Event: 6.165 GC heap after
{Heap after GC invocations=10 (full 0):
 garbage-first heap   total 303104K, used 34607K [0x000000070a000000, 0x0000000800000000)
  region size 1024K, 17 young (17408K), 17 survivors (17408K)
 Metaspace       used 54961K, capacity 56702K, committed 56704K, reserved 1097728K
  class space    used 7098K, capacity 7807K, committed 7808K, reserved 1048576K
}
Event: 7.291 GC heap before
{Heap before GC invocations=10 (full 0):
 garbage-first heap   total 303104K, used 145199K [0x000000070a000000, 0x0000000800000000)
  region size 1024K, 126 young (129024K), 17 survivors (17408K)
 Metaspace       used 58208K, capacity 60046K, committed 60160K, reserved 1101824K
  class space    used 7600K, capacity 8369K, committed 8448K, reserved 1048576K
}
Event: 7.302 GC heap after
{Heap after GC invocations=11 (full 0):
 garbage-first heap   total 303104K, used 38616K [0x000000070a000000, 0x0000000800000000)
  region size 1024K, 12 young (12288K), 12 survivors (12288K)
 Metaspace       used 58208K, capacity 60046K, committed 60160K, reserved 1101824K
  class space    used 7600K, capacity 8369K, committed 8448K, reserved 1048576K
}
Event: 8.236 GC heap before
{Heap before GC invocations=12 (full 0):
 garbage-first heap   total 303104K, used 207576K [0x000000070a000000, 0x0000000800000000)
  region size 1024K, 177 young (181248K), 12 survivors (12288K)
 Metaspace       used 60965K, capacity 62976K, committed 63232K, reserved 1103872K
  class space    used 7990K, capacity 8834K, committed 8960K, reserved 1048576K
}
Event: 8.241 GC heap after
{Heap after GC invocations=13 (full 0):
 garbage-first heap   total 303104K, used 39752K [0x000000070a000000, 0x0000000800000000)
  region size 1024K, 13 young (13312K), 13 survivors (13312K)
 Metaspace       used 60965K, capacity 62976K, committed 63232K, reserved 1103872K
  class space    used 7990K, capacity 8834K, committed 8960K, reserved 1048576K
}
Event: 9.383 GC heap before
{Heap before GC invocations=13 (full 0):
 garbage-first heap   total 303104K, used 206664K [0x000000070a000000, 0x0000000800000000)
  region size 1024K, 177 young (181248K), 13 survivors (13312K)
 Metaspace       used 67768K, capacity 69981K, committed 70144K, reserved 1110016K
  class space    used 8732K, capacity 9624K, committed 9728K, reserved 1048576K
}
Event: 9.391 GC heap after
{Heap after GC invocations=14 (full 0):
 garbage-first heap   total 303104K, used 48949K [0x000000070a000000, 0x0000000800000000)
  region size 1024K, 22 young (22528K), 22 survivors (22528K)
 Metaspace       used 67768K, capacity 69981K, committed 70144K, reserved 1110016K
  class space    used 8732K, capacity 9624K, committed 9728K, reserved 1048576K
}
Event: 10.272 GC heap before
{Heap before GC invocations=14 (full 0):
 garbage-first heap   total 303104K, used 206645K [0x000000070a000000, 0x0000000800000000)
  region size 1024K, 177 young (181248K), 22 survivors (22528K)
 Metaspace       used 73936K, capacity 76390K, committed 76544K, reserved 1116160K
  class space    used 9479K, capacity 10472K, committed 10496K, reserved 1048576K
}
Event: 10.282 GC heap after
{Heap after GC invocations=15 (full 0):
 garbage-first heap   total 303104K, used 56474K [0x000000070a000000, 0x0000000800000000)
  region size 1024K, 20 young (20480K), 20 survivors (20480K)
 Metaspace       used 73936K, capacity 76390K, committed 76544K, reserved 1116160K
  class space    used 9479K, capacity 10472K, committed 10496K, reserved 1048576K
}
Event: 11.684 GC heap before
{Heap before GC invocations=15 (full 0):
 garbage-first heap   total 303104K, used 217242K [0x000000070a000000, 0x0000000800000000)
  region size 1024K, 177 young (181248K), 20 survivors (20480K)
 Metaspace       used 76644K, capacity 79214K, committed 79232K, reserved 1118208K
  class space    used 9841K, capacity 10876K, committed 10880K, reserved 1048576K
}
Event: 11.698 GC heap after
{Heap after GC invocations=16 (full 0):
 garbage-first heap   total 364544K, used 63726K [0x000000070a000000, 0x0000000800000000)
  region size 1024K, 17 young (17408K), 17 survivors (17408K)
 Metaspace       used 76644K, capacity 79214K, committed 79232K, reserved 1118208K
  class space    used 9841K, capacity 10876K, committed 10880K, reserved 1048576K
}
Event: 425.119 GC heap before
{Heap before GC invocations=16 (full 0):
 garbage-first heap   total 364544K, used 263406K [0x000000070a000000, 0x0000000800000000)
  region size 1024K, 213 young (218112K), 17 survivors (17408K)
 Metaspace       used 83307K, capacity 86165K, committed 86400K, reserved 1124352K
  class space    used 10652K, capacity 11796K, committed 11904K, reserved 1048576K
}
Event: 425.149 GC heap after
{Heap after GC invocations=17 (full 0):
 garbage-first heap   total 364544K, used 68288K [0x000000070a000000, 0x0000000800000000)
  region size 1024K, 13 young (13312K), 13 survivors (13312K)
 Metaspace       used 83307K, capacity 86165K, committed 86400K, reserved 1124352K
  class space    used 10652K, capacity 11796K, committed 11904K, reserved 1048576K
}
Event: 1184.688 GC heap before
{Heap before GC invocations=17 (full 0):
 garbage-first heap   total 364544K, used 272064K [0x000000070a000000, 0x0000000800000000)
  region size 1024K, 213 young (218112K), 13 survivors (13312K)
 Metaspace       used 83347K, capacity 86234K, committed 86400K, reserved 1124352K
  class space    used 10657K, capacity 11798K, committed 11904K, reserved 1048576K
}
Event: 1184.709 GC heap after
{Heap after GC invocations=18 (full 0):
 garbage-first heap   total 364544K, used 68123K [0x000000070a000000, 0x0000000800000000)
  region size 1024K, 13 young (13312K), 13 survivors (13312K)
 Metaspace       used 83347K, capacity 86234K, committed 86400K, reserved 1124352K
  class space    used 10657K, capacity 11798K, committed 11904K, reserved 1048576K
}
Event: 1959.897 GC heap before
{Heap before GC invocations=18 (full 0):
 garbage-first heap   total 364544K, used 272923K [0x000000070a000000, 0x0000000800000000)
  region size 1024K, 213 young (218112K), 13 survivors (13312K)
 Metaspace       used 83391K, capacity 86255K, committed 86400K, reserved 1124352K
  class space    used 10662K, capacity 11804K, committed 11904K, reserved 1048576K
}
Event: 1959.909 GC heap after
{Heap after GC invocations=19 (full 0):
 garbage-first heap   total 364544K, used 68604K [0x000000070a000000, 0x0000000800000000)
  region size 1024K, 13 young (13312K), 13 survivors (13312K)
 Metaspace       used 83391K, capacity 86255K, committed 86400K, reserved 1124352K
  class space    used 10662K, capacity 11804K, committed 11904K, reserved 1048576K
}

