# JRE version: OpenJDK Runtime Environment AdoptOpenJDK (11.0.10+9) (build 11.0.10+9)
# Java VM: OpenJDK 64-Bit Server VM AdoptOpenJDK (11.0.10+9, mixed mode, tiered, compressed oops, g1 gc, windows-amd64)
Heap:
 garbage-first heap   total 303104K, used 168107K [0x000000070a000000, 0x0000000800000000)
  region size 1024K, 120 young (122880K), 16 survivors (16384K)
 Metaspace       used 88742K, capacity 91737K, committed 91984K, reserved 1128448K
  class space    used 11401K, capacity 12597K, committed 12704K, reserved 1048576K
GC Heap History (20 events):
Event: 3.447 GC heap before
{Heap before GC invocations=4 (full 0):
 garbage-first heap   total 251904K, used 89139K [0x000000070a000000, 0x0000000800000000)
  region size 1024K, 75 young (76800K), 1 survivors (1024K)
 Metaspace       used 31774K, capacity 32734K, committed 33020K, reserved 1077248K
  class space    used 3957K, capacity 4350K, committed 4428K, reserved 1048576K
}
Event: 3.452 GC heap after
{Heap after GC invocations=5 (full 0):
 garbage-first heap   total 251904K, used 17182K [0x000000070a000000, 0x0000000800000000)
  region size 1024K, 4 young (4096K), 4 survivors (4096K)
 Metaspace       used 31774K, capacity 32734K, committed 33020K, reserved 1077248K
  class space    used 3957K, capacity 4350K, committed 4428K, reserved 1048576K
}
Event: 4.167 GC heap before
{Heap before GC invocations=5 (full 0):
 garbage-first heap   total 251904K, used 80670K [0x000000070a000000, 0x0000000800000000)
  region size 1024K, 68 young (69632K), 4 survivors (4096K)
 Metaspace       used 34803K, capacity 35860K, committed 35964K, reserved 1081344K
  class space    used 4339K, capacity 4768K, committed 4812K, reserved 1048576K
}
Event: 4.176 GC heap after
{Heap after GC invocations=6 (full 0):
 garbage-first heap   total 251904K, used 20297K [0x000000070a000000, 0x0000000800000000)
  region size 1024K, 7 young (7168K), 7 survivors (7168K)
 Metaspace       used 34803K, capacity 35860K, committed 35964K, reserved 1081344K
  class space    used 4339K, capacity 4768K, committed 4812K, reserved 1048576K
}
Event: 5.898 GC heap before
{Heap before GC invocations=7 (full 0):
 garbage-first heap   total 251904K, used 139081K [0x000000070a000000, 0x0000000800000000)
  region size 1024K, 123 young (125952K), 7 survivors (7168K)
 Metaspace       used 40667K, capacity 41847K, committed 42108K, reserved 1085440K
  class space    used 5240K, capacity 5724K, committed 5836K, reserved 1048576K
}
Event: 5.911 GC heap after
{Heap after GC invocations=8 (full 0):
 garbage-first heap   total 251904K, used 24059K [0x000000070a000000, 0x0000000800000000)
  region size 1024K, 11 young (11264K), 11 survivors (11264K)
 Metaspace       used 40667K, capacity 41847K, committed 42108K, reserved 1085440K
  class space    used 5240K, capacity 5724K, committed 5836K, reserved 1048576K
}
Event: 7.320 GC heap before
{Heap before GC invocations=8 (full 0):
 garbage-first heap   total 251904K, used 162299K [0x000000070a000000, 0x0000000800000000)
  region size 1024K, 146 young (149504K), 11 survivors (11264K)
 Metaspace       used 48294K, capacity 49856K, committed 50172K, reserved 1093632K
  class space    used 6266K, capacity 6867K, committed 6988K, reserved 1048576K
}
Event: 7.335 GC heap after
{Heap after GC invocations=9 (full 0):
 garbage-first heap   total 251904K, used 29083K [0x000000070a000000, 0x0000000800000000)
  region size 1024K, 12 young (12288K), 12 survivors (12288K)
 Metaspace       used 48294K, capacity 49856K, committed 50172K, reserved 1093632K
  class space    used 6266K, capacity 6867K, committed 6988K, reserved 1048576K
}
Event: 10.216 GC heap before
{Heap before GC invocations=9 (full 0):
 garbage-first heap   total 251904K, used 167323K [0x000000070a000000, 0x0000000800000000)
  region size 1024K, 147 young (150528K), 12 survivors (12288K)
 Metaspace       used 56958K, capacity 58794K, committed 59132K, reserved 1099776K
  class space    used 7423K, capacity 8165K, committed 8268K, reserved 1048576K
}
Event: 10.239 GC heap after
{Heap after GC invocations=10 (full 0):
 garbage-first heap   total 303104K, used 35437K [0x000000070a000000, 0x0000000800000000)
  region size 1024K, 16 young (16384K), 16 survivors (16384K)
 Metaspace       used 56958K, capacity 58794K, committed 59132K, reserved 1099776K
  class space    used 7423K, capacity 8165K, committed 8268K, reserved 1048576K
}
Event: 11.201 GC heap before
{Heap before GC invocations=10 (full 0):
 garbage-first heap   total 303104K, used 94829K [0x000000070a000000, 0x0000000800000000)
  region size 1024K, 75 young (76800K), 16 survivors (16384K)
 Metaspace       used 58347K, capacity 60258K, committed 60368K, reserved 1101824K
  class space    used 7644K, capacity 8411K, committed 8480K, reserved 1048576K
}
Event: 11.217 GC heap after
{Heap after GC invocations=11 (full 0):
 garbage-first heap   total 303104K, used 37854K [0x000000070a000000, 0x0000000800000000)
  region size 1024K, 14 young (14336K), 14 survivors (14336K)
 Metaspace       used 58347K, capacity 60258K, committed 60368K, reserved 1101824K
  class space    used 7644K, capacity 8411K, committed 8480K, reserved 1048576K
}
Event: 13.433 GC heap before
{Heap before GC invocations=12 (full 0):
 garbage-first heap   total 303104K, used 204766K [0x000000070a000000, 0x0000000800000000)
  region size 1024K, 177 young (181248K), 14 survivors (14336K)
 Metaspace       used 61870K, capacity 63971K, committed 64208K, reserved 1103872K
  class space    used 8119K, capacity 8922K, committed 8992K, reserved 1048576K
}
Event: 13.445 GC heap after
{Heap after GC invocations=13 (full 0):
 garbage-first heap   total 303104K, used 41196K [0x000000070a000000, 0x0000000800000000)
  region size 1024K, 13 young (13312K), 13 survivors (13312K)
 Metaspace       used 61870K, capacity 63971K, committed 64208K, reserved 1103872K
  class space    used 8119K, capacity 8922K, committed 8992K, reserved 1048576K
}
Event: 16.439 GC heap before
{Heap before GC invocations=13 (full 0):
 garbage-first heap   total 303104K, used 209132K [0x000000070a000000, 0x0000000800000000)
  region size 1024K, 177 young (181248K), 13 survivors (13312K)
 Metaspace       used 70356K, capacity 72638K, committed 72656K, reserved 1112064K
  class space    used 9119K, capacity 10015K, committed 10016K, reserved 1048576K
}
Event: 16.454 GC heap after
{Heap after GC invocations=14 (full 0):
 garbage-first heap   total 303104K, used 49352K [0x000000070a000000, 0x0000000800000000)
  region size 1024K, 21 young (21504K), 21 survivors (21504K)
 Metaspace       used 70356K, capacity 72638K, committed 72656K, reserved 1112064K
  class space    used 9119K, capacity 10015K, committed 10016K, reserved 1048576K
}
Event: 19.438 GC heap before
{Heap before GC invocations=14 (full 0):
 garbage-first heap   total 303104K, used 209096K [0x000000070a000000, 0x0000000800000000)
  region size 1024K, 177 young (181248K), 21 survivors (21504K)
 Metaspace       used 73395K, capacity 75905K, committed 76112K, reserved 1114112K
  class space    used 9540K, capacity 10550K, committed 10656K, reserved 1048576K
}
Event: 19.457 GC heap after
{Heap after GC invocations=15 (full 0):
 garbage-first heap   total 303104K, used 55214K [0x000000070a000000, 0x0000000800000000)
  region size 1024K, 16 young (16384K), 16 survivors (16384K)
 Metaspace       used 73395K, capacity 75905K, committed 76112K, reserved 1114112K
  class space    used 9540K, capacity 10550K, committed 10656K, reserved 1048576K
}
Event: 449.821 GC heap before
{Heap before GC invocations=15 (full 0):
 garbage-first heap   total 303104K, used 219054K [0x000000070a000000, 0x0000000800000000)
  region size 1024K, 177 young (181248K), 16 survivors (16384K)
 Metaspace       used 84527K, capacity 87399K, committed 87632K, reserved 1124352K
  class space    used 10915K, capacity 12071K, committed 12192K, reserved 1048576K
}
Event: 449.846 GC heap after
{Heap after GC invocations=16 (full 0):
 garbage-first heap   total 303104K, used 63659K [0x000000070a000000, 0x0000000800000000)
  region size 1024K, 16 young (16384K), 16 survivors (16384K)
 Metaspace       used 84527K, capacity 87399K, committed 87632K, reserved 1124352K
  class space    used 10915K, capacity 12071K, committed 12192K, reserved 1048576K
}

